# JRE version: Java(TM) SE Runtime Environment (8.0_91-b14) (build 1.8.0_91-b14)
# Java VM: Java HotSpot(TM) 64-Bit Server VM (25.91-b14 mixed mode linux-amd64 compressed oops)
Heap:
 PSYoungGen      total 282624K, used 96K [0x00000000eab00000, 0x00000000fc000000, 0x0000000100000000)
  eden space 281600K, 0% used [0x00000000eab00000,0x00000000eab00000,0x00000000fbe00000)
  from space 1024K, 9% used [0x00000000fbe00000,0x00000000fbe18000,0x00000000fbf00000)
  to   space 1024K, 0% used [0x00000000fbf00000,0x00000000fbf00000,0x00000000fc000000)
 ParOldGen       total 417280K, used 103181K [0x00000000c0000000, 0x00000000d9780000, 0x00000000eab00000)
  object space 417280K, 24% used [0x00000000c0000000,0x00000000c64c36c8,0x00000000d9780000)
 Metaspace       used 128074K, capacity 138204K, committed 138664K, reserved 1169408K
  class space    used 15015K, capacity 17972K, committed 18088K, reserved 1048576K
GC Heap History (10 events):
Event: 520608,672 GC heap after
Heap after GC invocations=17219 (full 8602):
 PSYoungGen      total 282624K, used 576K [0x00000000eab00000, 0x00000000fc000000, 0x0000000100000000)
  eden space 281600K, 0% used [0x00000000eab00000,0x00000000eab00000,0x00000000fbe00000)
  from space 1024K, 56% used [0x00000000fbe00000,0x00000000fbe90000,0x00000000fbf00000)
  to   space 1024K, 0% used [0x00000000fbf00000,0x00000000fbf00000,0x00000000fc000000)
 ParOldGen       total 417280K, used 103197K [0x00000000c0000000, 0x00000000d9780000, 0x00000000eab00000)
  object space 417280K, 24% used [0x00000000c0000000,0x00000000c64c7528,0x00000000d9780000)
 Metaspace       used 128074K, capacity 138204K, committed 138664K, reserved 1169408K
  class space    used 15015K, capacity 17972K, committed 18088K, reserved 1048576K
}
Event: 520608,672 GC heap before
{Heap before GC invocations=17220 (full 8603):
 PSYoungGen      total 282624K, used 576K [0x00000000eab00000, 0x00000000fc000000, 0x0000000100000000)
  eden space 281600K, 0% used [0x00000000eab00000,0x00000000eab00000,0x00000000fbe00000)
  from space 1024K, 56% used [0x00000000fbe00000,0x00000000fbe90000,0x00000000fbf00000)
  to   space 1024K, 0% used [0x00000000fbf00000,0x00000000fbf00000,0x00000000fc000000)
 ParOldGen       total 417280K, used 103197K [0x00000000c0000000, 0x00000000d9780000, 0x00000000eab00000)
  object space 417280K, 24% used [0x00000000c0000000,0x00000000c64c7528,0x00000000d9780000)
 Metaspace       used 128074K, capacity 138204K, committed 138664K, reserved 1169408K
  class space    used 15015K, capacity 17972K, committed 18088K, reserved 1048576K
Event: 520608,842 GC heap after
Heap after GC invocations=17220 (full 8603):
 PSYoungGen      total 282624K, used 0K [0x00000000eab00000, 0x00000000fc000000, 0x0000000100000000)
  eden space 281600K, 0% used [0x00000000eab00000,0x00000000eab00000,0x00000000fbe00000)
  from space 1024K, 0% used [0x00000000fbe00000,0x00000000fbe00000,0x00000000fbf00000)
  to   space 1024K, 0% used [0x00000000fbf00000,0x00000000fbf00000,0x00000000fc000000)
 ParOldGen       total 417280K, used 103389K [0x00000000c0000000, 0x00000000d9780000, 0x00000000eab00000)
  object space 417280K, 24% used [0x00000000c0000000,0x00000000c64f7528,0x00000000d9780000)
 Metaspace       used 128074K, capacity 138204K, committed 138664K, reserved 1169408K
  class space    used 15015K, capacity 17972K, committed 18088K, reserved 1048576K
}
Event: 520668,666 GC heap before
{Heap before GC invocations=17221 (full 8603):
 PSYoungGen      total 282624K, used 21721K [0x00000000eab00000, 0x00000000fc000000, 0x0000000100000000)
  eden space 281600K, 7% used [0x00000000eab00000,0x00000000ec0367f8,0x00000000fbe00000)
  from space 1024K, 0% used [0x00000000fbe00000,0x00000000fbe00000,0x00000000fbf00000)
  to   space 1024K, 0% used [0x00000000fbf00000,0x00000000fbf00000,0x00000000fc000000)
 ParOldGen       total 417280K, used 103389K [0x00000000c0000000, 0x00000000d9780000, 0x00000000eab00000)
  object space 417280K, 24% used [0x00000000c0000000,0x00000000c64f7528,0x00000000d9780000)
 Metaspace       used 128074K, capacity 138204K, committed 138664K, reserved 1169408K
  class space    used 15015K, capacity 17972K, committed 18088K, reserved 1048576K
Event: 520668,672 GC heap after
Heap after GC invocations=17221 (full 8603):
 PSYoungGen      total 282624K, used 96K [0x00000000eab00000, 0x00000000fc000000, 0x0000000100000000)
  eden space 281600K, 0% used [0x00000000eab00000,0x00000000eab00000,0x00000000fbe00000)
  from space 1024K, 9% used [0x00000000fbf00000,0x00000000fbf18000,0x00000000fc000000)
  to   space 1024K, 0% used [0x00000000fbe00000,0x00000000fbe00000,0x00000000fbf00000)
 ParOldGen       total 417280K, used 103389K [0x00000000c0000000, 0x00000000d9780000, 0x00000000eab00000)
  object space 417280K, 24% used [0x00000000c0000000,0x00000000c64f7528,0x00000000d9780000)
 Metaspace       used 128074K, capacity 138204K, committed 138664K, reserved 1169408K
  class space    used 15015K, capacity 17972K, committed 18088K, reserved 1048576K
}
Event: 520668,672 GC heap before
{Heap before GC invocations=17222 (full 8604):
 PSYoungGen      total 282624K, used 96K [0x00000000eab00000, 0x00000000fc000000, 0x0000000100000000)
  eden space 281600K, 0% used [0x00000000eab00000,0x00000000eab00000,0x00000000fbe00000)
  from space 1024K, 9% used [0x00000000fbf00000,0x00000000fbf18000,0x00000000fc000000)
  to   space 1024K, 0% used [0x00000000fbe00000,0x00000000fbe00000,0x00000000fbf00000)
 ParOldGen       total 417280K, used 103389K [0x00000000c0000000, 0x00000000d9780000, 0x00000000eab00000)
  object space 417280K, 24% used [0x00000000c0000000,0x00000000c64f7528,0x00000000d9780000)
 Metaspace       used 128074K, capacity 138204K, committed 138664K, reserved 1169408K
  class space    used 15015K, capacity 17972K, committed 18088K, reserved 1048576K
Event: 520668,850 GC heap after
Heap after GC invocations=17222 (full 8604):
 PSYoungGen      total 282624K, used 0K [0x00000000eab00000, 0x00000000fc000000, 0x0000000100000000)
  eden space 281600K, 0% used [0x00000000eab00000,0x00000000eab00000,0x00000000fbe00000)
  from space 1024K, 0% used [0x00000000fbf00000,0x00000000fbf00000,0x00000000fc000000)
  to   space 1024K, 0% used [0x00000000fbe00000,0x00000000fbe00000,0x00000000fbf00000)
 ParOldGen       total 417280K, used 103181K [0x00000000c0000000, 0x00000000d9780000, 0x00000000eab00000)
  object space 417280K, 24% used [0x00000000c0000000,0x00000000c64c36c8,0x00000000d9780000)
 Metaspace       used 128074K, capacity 138204K, committed 138664K, reserved 1169408K
  class space    used 15015K, capacity 17972K, committed 18088K, reserved 1048576K
}
Event: 520728,666 GC heap before
{Heap before GC invocations=17223 (full 8604):
 PSYoungGen      total 282624K, used 22565K [0x00000000eab00000, 0x00000000fc000000, 0x0000000100000000)
  eden space 281600K, 8% used [0x00000000eab00000,0x00000000ec109780,0x00000000fbe00000)
  from space 1024K, 0% used [0x00000000fbf00000,0x00000000fbf00000,0x00000000fc000000)
  to   space 1024K, 0% used [0x00000000fbe00000,0x00000000fbe00000,0x00000000fbf00000)
 ParOldGen       total 417280K, used 103181K [0x00000000c0000000, 0x00000000d9780000, 0x00000000eab00000)
  object space 417280K, 24% used [0x00000000c0000000,0x00000000c64c36c8,0x00000000d9780000)
 Metaspace       used 128074K, capacity 138204K, committed 138664K, reserved 1169408K
  class space    used 15015K, capacity 17972K, committed 18088K, reserved 1048576K
Event: 520728,670 GC heap after
Heap after GC invocations=17223 (full 8604):
 PSYoungGen      total 282624K, used 96K [0x00000000eab00000, 0x00000000fc000000, 0x0000000100000000)
  eden space 281600K, 0% used [0x00000000eab00000,0x00000000eab00000,0x00000000fbe00000)
  from space 1024K, 9% used [0x00000000fbe00000,0x00000000fbe18000,0x00000000fbf00000)
  to   space 1024K, 0% used [0x00000000fbf00000,0x00000000fbf00000,0x00000000fc000000)
 ParOldGen       total 417280K, used 103181K [0x00000000c0000000, 0x00000000d9780000, 0x00000000eab00000)
  object space 417280K, 24% used [0x00000000c0000000,0x00000000c64c36c8,0x00000000d9780000)
 Metaspace       used 128074K, capacity 138204K, committed 138664K, reserved 1169408K
  class space    used 15015K, capacity 17972K, committed 18088K, reserved 1048576K
}
Event: 520728,670 GC heap before
{Heap before GC invocations=17224 (full 8605):
 PSYoungGen      total 282624K, used 96K [0x00000000eab00000, 0x00000000fc000000, 0x0000000100000000)
  eden space 281600K, 0% used [0x00000000eab00000,0x00000000eab00000,0x00000000fbe00000)
  from space 1024K, 9% used [0x00000000fbe00000,0x00000000fbe18000,0x00000000fbf00000)
  to   space 1024K, 0% used [0x00000000fbf00000,0x00000000fbf00000,0x00000000fc000000)
 ParOldGen       total 417280K, used 103181K [0x00000000c0000000, 0x00000000d9780000, 0x00000000eab00000)
  object space 417280K, 24% used [0x00000000c0000000,0x00000000c64c36c8,0x00000000d9780000)
 Metaspace       used 128074K, capacity 138204K, committed 138664K, reserved 1169408K
  class space    used 15015K, capacity 17972K, committed 18088K, reserved 1048576K

